{"F:\\workspace\\Fileup\\packages\\server\\src\\index.ts": {"path":"F:\\workspace\\Fileup\\packages\\server\\src\\index.ts","statementMap":{"0":{"start":{"line":1,"column":0},"end":{"line":1,"column":37}},"1":{"start":{"line":2,"column":0},"end":{"line":2,"column":26}},"2":{"start":{"line":3,"column":0},"end":{"line":3,"column":24}},"3":{"start":{"line":4,"column":0},"end":{"line":4,"column":28}},"4":{"start":{"line":5,"column":0},"end":{"line":5,"column":30}},"5":{"start":{"line":6,"column":0},"end":{"line":6,"column":26}},"6":{"start":{"line":7,"column":0},"end":{"line":7,"column":56}},"7":{"start":{"line":8,"column":0},"end":{"line":8,"column":42}},"8":{"start":{"line":9,"column":0},"end":{"line":9,"column":71}},"9":{"start":{"line":11,"column":0},"end":{"line":11,"column":16}},"10":{"start":{"line":13,"column":13},"end":{"line":13,"column":37}},"11":{"start":{"line":19,"column":13},"end":{"line":19,"column":29}},"12":{"start":{"line":21,"column":20},"end":{"line":35,"column":2}},"13":{"start":{"line":21,"column":31},"end":{"line":35,"column":2}},"14":{"start":{"line":23,"column":4},"end":{"line":23,"column":30}},"15":{"start":{"line":26,"column":2},"end":{"line":26,"column":28}},"16":{"start":{"line":27,"column":2},"end":{"line":27,"column":53}},"17":{"start":{"line":28,"column":2},"end":{"line":28,"column":26}},"18":{"start":{"line":29,"column":2},"end":{"line":29,"column":21}},"19":{"start":{"line":30,"column":2},"end":{"line":30,"column":22}},"20":{"start":{"line":32,"column":2},"end":{"line":34,"column":5}},"21":{"start":{"line":33,"column":4},"end":{"line":33,"column":83}},"22":{"start":{"line":37,"column":0},"end":{"line":37,"column":60}},"23":{"start":{"line":37,"column":25},"end":{"line":37,"column":58}}},"fnMap":{"0":{"name":"(anonymous_7)","decl":{"start":{"line":21,"column":20},"end":{"line":21,"column":29}},"loc":{"start":{"line":21,"column":31},"end":{"line":35,"column":2}}},"1":{"name":"(anonymous_8)","decl":{"start":{"line":21,"column":31},"end":{"line":21,"column":null}},"loc":{"start":{"line":21,"column":31},"end":{"line":35,"column":1}}},"2":{"name":"(anonymous_9)","decl":{"start":{"line":32,"column":19},"end":{"line":32,"column":22}},"loc":{"start":{"line":32,"column":24},"end":{"line":34,"column":3}}},"3":{"name":"(anonymous_10)","decl":{"start":{"line":37,"column":20},"end":{"line":37,"column":21}},"loc":{"start":{"line":37,"column":25},"end":{"line":37,"column":58}}}},"branchMap":{"0":{"loc":{"start":{"line":13,"column":13},"end":{"line":13,"column":29}},"type":"binary-expr","locations":[{"start":{"line":13,"column":13},"end":{"line":13,"column":29}},{"start":{"line":13,"column":33},"end":{"line":13,"column":37}}]},"1":{"loc":{"start":{"line":17,"column":50},"end":{"line":17,"column":52}},"type":"cond-expr","locations":[{"start":{"line":17,"column":50},"end":{"line":17,"column":52}},{"start":{"line":17,"column":55},"end":{"line":17,"column":78}}]}},"s":{"0":1,"1":1,"2":1,"3":1,"4":1,"5":1,"6":1,"7":1,"8":1,"9":1,"10":1,"11":1,"12":1,"13":1,"14":0,"15":1,"16":1,"17":1,"18":1,"19":1,"20":1,"21":1,"22":1,"23":0},"f":{"0":1,"1":1,"2":1,"3":0},"b":{"0":[1,1],"1":[0,1]}}
,"F:\\workspace\\Fileup\\packages\\server\\src\\redisSession.ts": {"path":"F:\\workspace\\Fileup\\packages\\server\\src\\redisSession.ts","statementMap":{"0":{"start":{"line":1,"column":0},"end":{"line":1,"column":41}},"1":{"start":{"line":2,"column":0},"end":{"line":2,"column":38}},"2":{"start":{"line":3,"column":0},"end":{"line":3,"column":28}},"3":{"start":{"line":5,"column":14},"end":{"line":5,"column":25}},"4":{"start":{"line":6,"column":0},"end":{"line":27,"column":2}},"5":{"start":{"line":7,"column":21},"end":{"line":7,"column":42}},"6":{"start":{"line":9,"column":16},"end":{"line":13,"column":4}},"7":{"start":{"line":15,"column":2},"end":{"line":26,"column":5}}},"fnMap":{"0":{"name":"(anonymous_1)","decl":{"start":{"line":6,"column":15},"end":{"line":6,"column":18}},"loc":{"start":{"line":6,"column":20},"end":{"line":27,"column":1}}}},"branchMap":{},"s":{"0":1,"1":1,"2":1,"3":1,"4":1,"5":1,"6":1,"7":1},"f":{"0":1},"b":{}}
,"F:\\workspace\\Fileup\\packages\\server\\src\\entity\\User.ts": {"path":"F:\\workspace\\Fileup\\packages\\server\\src\\entity\\User.ts","statementMap":{"0":{"start":{"line":1,"column":0},"end":{"line":1,"column":88}},"1":{"start":{"line":2,"column":0},"end":{"line":2,"column":32}},"2":{"start":{"line":7,"column":2},"end":{"line":7,"column":null}},"3":{"start":{"line":10,"column":2},"end":{"line":10,"column":null}},"4":{"start":{"line":13,"column":2},"end":{"line":13,"column":null}},"5":{"start":{"line":16,"column":2},"end":{"line":16,"column":null}},"6":{"start":{"line":19,"column":2},"end":{"line":19,"column":null}},"7":{"start":{"line":18,"column":21},"end":{"line":18,"column":26}},"8":{"start":{"line":18,"column":37},"end":{"line":18,"column":55}},"9":{"start":{"line":5,"column":13},"end":{"line":20,"column":null}},"10":{"start":{"line":5,"column":13},"end":{"line":5,"column":17}}},"fnMap":{"0":{"name":"(anonymous_2)","decl":{"start":{"line":18,"column":13},"end":{"line":18,"column":17}},"loc":{"start":{"line":18,"column":21},"end":{"line":18,"column":26}}},"1":{"name":"(anonymous_3)","decl":{"start":{"line":18,"column":28},"end":{"line":18,"column":33}},"loc":{"start":{"line":18,"column":37},"end":{"line":18,"column":55}}}},"branchMap":{},"s":{"0":1,"1":1,"2":1,"3":1,"4":1,"5":1,"6":1,"7":1,"8":1,"9":1,"10":1},"f":{"0":1,"1":1},"b":{}}
,"F:\\workspace\\Fileup\\packages\\server\\src\\entity\\photo.ts": {"path":"F:\\workspace\\Fileup\\packages\\server\\src\\entity\\photo.ts","statementMap":{"0":{"start":{"line":1,"column":0},"end":{"line":1,"column":106}},"1":{"start":{"line":2,"column":0},"end":{"line":2,"column":30}},"2":{"start":{"line":7,"column":2},"end":{"line":7,"column":null}},"3":{"start":{"line":10,"column":2},"end":{"line":10,"column":null}},"4":{"start":{"line":13,"column":2},"end":{"line":13,"column":null}},"5":{"start":{"line":16,"column":2},"end":{"line":16,"column":null}},"6":{"start":{"line":19,"column":2},"end":{"line":19,"column":null}},"7":{"start":{"line":22,"column":2},"end":{"line":22,"column":null}},"8":{"start":{"line":25,"column":2},"end":{"line":25,"column":null}},"9":{"start":{"line":24,"column":21},"end":{"line":24,"column":25}},"10":{"start":{"line":24,"column":35},"end":{"line":24,"column":46}},"11":{"start":{"line":5,"column":13},"end":{"line":26,"column":null}},"12":{"start":{"line":5,"column":13},"end":{"line":5,"column":18}}},"fnMap":{"0":{"name":"(anonymous_2)","decl":{"start":{"line":24,"column":13},"end":{"line":24,"column":17}},"loc":{"start":{"line":24,"column":21},"end":{"line":24,"column":25}}},"1":{"name":"(anonymous_3)","decl":{"start":{"line":24,"column":27},"end":{"line":24,"column":31}},"loc":{"start":{"line":24,"column":35},"end":{"line":24,"column":46}}}},"branchMap":{},"s":{"0":1,"1":1,"2":1,"3":1,"4":1,"5":1,"6":1,"7":1,"8":1,"9":1,"10":1,"11":1,"12":1},"f":{"0":1,"1":1},"b":{}}
,"F:\\workspace\\Fileup\\packages\\server\\src\\routes\\index.ts": {"path":"F:\\workspace\\Fileup\\packages\\server\\src\\routes\\index.ts","statementMap":{"0":{"start":{"line":1,"column":0},"end":{"line":1,"column":33}},"1":{"start":{"line":2,"column":0},"end":{"line":2,"column":31}},"2":{"start":{"line":3,"column":0},"end":{"line":3,"column":39}}},"fnMap":{},"branchMap":{},"s":{"0":1,"1":1,"2":1},"f":{},"b":{}}
,"F:\\workspace\\Fileup\\packages\\server\\src\\routes\\photo.ts": {"path":"F:\\workspace\\Fileup\\packages\\server\\src\\routes\\photo.ts","statementMap":{"0":{"start":{"line":1,"column":0},"end":{"line":1,"column":30}},"1":{"start":{"line":2,"column":0},"end":{"line":2,"column":60}},"2":{"start":{"line":3,"column":0},"end":{"line":3,"column":38}},"3":{"start":{"line":5,"column":19},"end":{"line":5,"column":35}},"4":{"start":{"line":7,"column":0},"end":{"line":21,"column":3}},"5":{"start":{"line":7,"column":50},"end":{"line":21,"column":2}},"6":{"start":{"line":8,"column":2},"end":{"line":16,"column":15}},"7":{"start":{"line":18,"column":2},"end":{"line":20,"column":5}},"8":{"start":{"line":23,"column":0},"end":{"line":30,"column":3}},"9":{"start":{"line":23,"column":50},"end":{"line":30,"column":2}},"10":{"start":{"line":24,"column":15},"end":{"line":27,"column":13}},"11":{"start":{"line":28,"column":2},"end":{"line":28,"column":20}},"12":{"start":{"line":29,"column":2},"end":{"line":29,"column":22}},"13":{"start":{"line":32,"column":0},"end":{"line":32,"column":26}}},"fnMap":{"0":{"name":"(anonymous_7)","decl":{"start":{"line":7,"column":31},"end":{"line":7,"column":38}},"loc":{"start":{"line":7,"column":50},"end":{"line":21,"column":2}}},"1":{"name":"(anonymous_8)","decl":{"start":{"line":7,"column":50},"end":{"line":7,"column":null}},"loc":{"start":{"line":7,"column":50},"end":{"line":21,"column":1}}},"2":{"name":"(anonymous_9)","decl":{"start":{"line":23,"column":31},"end":{"line":23,"column":38}},"loc":{"start":{"line":23,"column":50},"end":{"line":30,"column":2}}},"3":{"name":"(anonymous_10)","decl":{"start":{"line":23,"column":50},"end":{"line":23,"column":null}},"loc":{"start":{"line":23,"column":50},"end":{"line":30,"column":1}}}},"branchMap":{},"s":{"0":1,"1":1,"2":1,"3":1,"4":1,"5":0,"6":0,"7":0,"8":1,"9":0,"10":0,"11":0,"12":0,"13":1},"f":{"0":0,"1":0,"2":0,"3":0},"b":{}}
,"F:\\workspace\\Fileup\\packages\\server\\src\\routes\\user.ts": {"path":"F:\\workspace\\Fileup\\packages\\server\\src\\routes\\user.ts","statementMap":{"0":{"start":{"line":1,"column":0},"end":{"line":1,"column":41}},"1":{"start":{"line":2,"column":0},"end":{"line":2,"column":26}},"2":{"start":{"line":3,"column":0},"end":{"line":3,"column":30}},"3":{"start":{"line":4,"column":0},"end":{"line":4,"column":38}},"4":{"start":{"line":6,"column":18},"end":{"line":6,"column":34}},"5":{"start":{"line":8,"column":0},"end":{"line":35,"column":3}},"6":{"start":{"line":8,"column":51},"end":{"line":35,"column":2}},"7":{"start":{"line":10,"column":42},"end":{"line":10,"column":50}},"8":{"start":{"line":12,"column":17},"end":{"line":12,"column":46}},"9":{"start":{"line":14,"column":6},"end":{"line":14,"column":71}},"10":{"start":{"line":17,"column":33},"end":{"line":17,"column":57}},"11":{"start":{"line":19,"column":18},"end":{"line":23,"column":6}},"12":{"start":{"line":24,"column":4},"end":{"line":24,"column":35}},"13":{"start":{"line":26,"column":4},"end":{"line":30,"column":7}},"14":{"start":{"line":32,"column":4},"end":{"line":32,"column":30}},"15":{"start":{"line":33,"column":4},"end":{"line":33,"column":69}},"16":{"start":{"line":37,"column":0},"end":{"line":58,"column":3}},"17":{"start":{"line":37,"column":48},"end":{"line":58,"column":2}},"18":{"start":{"line":39,"column":32},"end":{"line":39,"column":40}},"19":{"start":{"line":41,"column":17},"end":{"line":41,"column":46}},"20":{"start":{"line":43,"column":30},"end":{"line":43,"column":68}},"21":{"start":{"line":45,"column":8},"end":{"line":45,"column":38}},"22":{"start":{"line":46,"column":8},"end":{"line":50,"column":11}},"23":{"start":{"line":53,"column":4},"end":{"line":53,"column":69}},"24":{"start":{"line":55,"column":4},"end":{"line":55,"column":30}},"25":{"start":{"line":56,"column":4},"end":{"line":56,"column":69}},"26":{"start":{"line":60,"column":0},"end":{"line":60,"column":25}}},"fnMap":{"0":{"name":"(anonymous_7)","decl":{"start":{"line":8,"column":32},"end":{"line":8,"column":39}},"loc":{"start":{"line":8,"column":51},"end":{"line":35,"column":2}}},"1":{"name":"(anonymous_8)","decl":{"start":{"line":8,"column":51},"end":{"line":8,"column":null}},"loc":{"start":{"line":8,"column":51},"end":{"line":35,"column":1}}},"2":{"name":"(anonymous_9)","decl":{"start":{"line":37,"column":29},"end":{"line":37,"column":36}},"loc":{"start":{"line":37,"column":48},"end":{"line":58,"column":2}}},"3":{"name":"(anonymous_10)","decl":{"start":{"line":37,"column":48},"end":{"line":37,"column":null}},"loc":{"start":{"line":37,"column":48},"end":{"line":58,"column":1}}}},"branchMap":{},"s":{"0":1,"1":1,"2":1,"3":1,"4":1,"5":1,"6":3,"7":3,"8":3,"9":0,"10":3,"11":3,"12":3,"13":3,"14":0,"15":0,"16":1,"17":0,"18":0,"19":0,"20":0,"21":0,"22":0,"23":0,"24":0,"25":0,"26":1},"f":{"0":3,"1":3,"2":0,"3":0},"b":{}}
,"F:\\workspace\\Fileup\\packages\\server\\src\\test\\testDatabaseConnection.ts": {"path":"F:\\workspace\\Fileup\\packages\\server\\src\\test\\testDatabaseConnection.ts","statementMap":{"0":{"start":{"line":1,"column":0},"end":{"line":1,"column":43}},"1":{"start":{"line":3,"column":13},"end":{"line":16,"column":2}},"2":{"start":{"line":4,"column":2},"end":{"line":15,"column":5}}},"fnMap":{"0":{"name":"(anonymous_0)","decl":{"start":{"line":3,"column":30},"end":{"line":3,"column":31}},"loc":{"start":{"line":3,"column":56},"end":{"line":16,"column":1}}}},"branchMap":{"0":{"loc":{"start":{"line":3,"column":47},"end":{"line":3,"column":52}},"type":"default-arg","locations":[{"start":{"line":3,"column":47},"end":{"line":3,"column":52}}]}},"s":{"0":1,"1":1,"2":1},"f":{"0":1},"b":{"0":[1]}}
}
