TN:
SF:F:\workspace\Fileup\packages\server\src\index.ts
FN:21,(anonymous_7)
FN:21,(anonymous_8)
FN:32,(anonymous_9)
FN:37,(anonymous_10)
FNF:4
FNH:3
FNDA:1,(anonymous_7)
FNDA:1,(anonymous_8)
FNDA:1,(anonymous_9)
FNDA:0,(anonymous_10)
DA:1,1
DA:2,1
DA:3,1
DA:4,1
DA:5,1
DA:6,1
DA:7,1
DA:8,1
DA:9,1
DA:11,1
DA:13,1
DA:19,1
DA:21,1
DA:23,0
DA:26,1
DA:27,1
DA:28,1
DA:29,1
DA:30,1
DA:32,1
DA:33,1
DA:37,1
LF:22
LH:21
BRDA:13,0,0,1
BRDA:13,0,1,1
BRDA:17,1,0,0
BRDA:17,1,1,1
BRF:4
BRH:3
end_of_record
TN:
SF:F:\workspace\Fileup\packages\server\src\redisSession.ts
FN:6,(anonymous_1)
FNF:1
FNH:1
FNDA:1,(anonymous_1)
DA:1,1
DA:2,1
DA:3,1
DA:5,1
DA:6,1
DA:7,1
DA:9,1
DA:15,1
LF:8
LH:8
BRF:0
BRH:0
end_of_record
TN:
SF:F:\workspace\Fileup\packages\server\src\entity\User.ts
FN:18,(anonymous_2)
FN:18,(anonymous_3)
FNF:2
FNH:2
FNDA:1,(anonymous_2)
FNDA:1,(anonymous_3)
DA:1,1
DA:2,1
DA:5,1
DA:7,1
DA:10,1
DA:13,1
DA:16,1
DA:18,1
DA:19,1
LF:9
LH:9
BRF:0
BRH:0
end_of_record
TN:
SF:F:\workspace\Fileup\packages\server\src\entity\photo.ts
FN:24,(anonymous_2)
FN:24,(anonymous_3)
FNF:2
FNH:2
FNDA:1,(anonymous_2)
FNDA:1,(anonymous_3)
DA:1,1
DA:2,1
DA:5,1
DA:7,1
DA:10,1
DA:13,1
DA:16,1
DA:19,1
DA:22,1
DA:24,1
DA:25,1
LF:11
LH:11
BRF:0
BRH:0
end_of_record
TN:
SF:F:\workspace\Fileup\packages\server\src\routes\index.ts
FNF:0
FNH:0
DA:1,1
DA:2,1
DA:3,1
LF:3
LH:3
BRF:0
BRH:0
end_of_record
TN:
SF:F:\workspace\Fileup\packages\server\src\routes\photo.ts
FN:7,(anonymous_7)
FN:7,(anonymous_8)
FN:23,(anonymous_9)
FN:23,(anonymous_10)
FNF:4
FNH:0
FNDA:0,(anonymous_7)
FNDA:0,(anonymous_8)
FNDA:0,(anonymous_9)
FNDA:0,(anonymous_10)
DA:1,1
DA:2,1
DA:3,1
DA:5,1
DA:7,1
DA:8,0
DA:18,0
DA:23,1
DA:24,0
DA:28,0
DA:29,0
DA:32,1
LF:12
LH:7
BRF:0
BRH:0
end_of_record
TN:
SF:F:\workspace\Fileup\packages\server\src\routes\user.ts
FN:8,(anonymous_7)
FN:8,(anonymous_8)
FN:37,(anonymous_9)
FN:37,(anonymous_10)
FNF:4
FNH:2
FNDA:3,(anonymous_7)
FNDA:3,(anonymous_8)
FNDA:0,(anonymous_9)
FNDA:0,(anonymous_10)
DA:1,1
DA:2,1
DA:3,1
DA:4,1
DA:6,1
DA:8,3
DA:10,3
DA:12,3
DA:14,0
DA:17,3
DA:19,3
DA:24,3
DA:26,3
DA:32,0
DA:33,0
DA:37,1
DA:39,0
DA:41,0
DA:43,0
DA:45,0
DA:46,0
DA:53,0
DA:55,0
DA:56,0
DA:60,1
LF:25
LH:14
BRF:0
BRH:0
end_of_record
TN:
SF:F:\workspace\Fileup\packages\server\src\test\testDatabaseConnection.ts
FN:3,(anonymous_0)
FNF:1
FNH:1
FNDA:1,(anonymous_0)
DA:1,1
DA:3,1
DA:4,1
LF:3
LH:3
BRDA:3,0,0,1
BRF:1
BRH:1
end_of_record
